
> backend@1.0.0 build
> npm run build


> backend@1.0.0 build
> npm run build


> backend@1.0.0 build
> npm run build


> backend@1.0.0 build
> npm run build


> backend@1.0.0 build
> npm run build


> backend@1.0.0 build
> npm run build


> backend@1.0.0 build
> npm run build


> backend@1.0.0 build
> npm run build


> backend@1.0.0 build
> npm run build


> backend@1.0.0 build
> npm run build


> backend@1.0.0 build
> npm run build


> backend@1.0.0 build
> npm run build


> backend@1.0.0 build
> npm run build


> backend@1.0.0 build
> npm run build


> backend@1.0.0 build
> npm run build

'npm' is not recognized as an internal or external command,
operable program or batch file.
npm ERR! Lifecycle script `build` failed with error: 
npm ERR! Error: command failed 
npm ERR!   in workspace: backend@1.0.0 
npm ERR!   at location: C:\Users\Hikmat.dev\Desktop\FYP\fyp-turborepo\apps\docs 
npm ERR! Lifecycle script `build` failed with error: 
npm ERR! Error: command failed 
npm ERR!   in workspace: backend@1.0.0 
npm ERR!   at location: C:\Users\Hikmat.dev\Desktop\FYP\fyp-turborepo\apps\docs 
npm ERR! Lifecycle script `build` failed with error: 
npm ERR! Error: command failed 
npm ERR!   in workspace: backend@1.0.0 
npm ERR!   at location: C:\Users\Hikmat.dev\Desktop\FYP\fyp-turborepo\apps\docs 
npm ERR! Lifecycle script `build` failed with error: 
npm ERR! Error: command failed 
npm ERR!   in workspace: backend@1.0.0 
npm ERR!   at location: C:\Users\Hikmat.dev\Desktop\FYP\fyp-turborepo\apps\docs 
npm ERR! Lifecycle script `build` failed with error: 
npm ERR! Error: command failed 
npm ERR!   in workspace: backend@1.0.0 
npm ERR!   at location: C:\Users\Hikmat.dev\Desktop\FYP\fyp-turborepo\apps\docs 
npm ERR! Lifecycle script `build` failed with error: 
npm ERR! Error: command failed 
npm ERR!   in workspace: backend@1.0.0 
npm ERR!   at location: C:\Users\Hikmat.dev\Desktop\FYP\fyp-turborepo\apps\docs 
npm ERR! Lifecycle script `build` failed with error: 
npm ERR! Error: command failed 
npm ERR!   in workspace: backend@1.0.0 
npm ERR!   at location: C:\Users\Hikmat.dev\Desktop\FYP\fyp-turborepo\apps\docs 
npm ERR! Lifecycle script `build` failed with error: 
npm ERR! Error: command failed 
npm ERR!   in workspace: backend@1.0.0 
npm ERR!   at location: C:\Users\Hikmat.dev\Desktop\FYP\fyp-turborepo\apps\docs 
npm ERR! Lifecycle script `build` failed with error: 
npm ERR! Error: command failed 
npm ERR!   in workspace: backend@1.0.0 
npm ERR!   at location: C:\Users\Hikmat.dev\Desktop\FYP\fyp-turborepo\apps\docs 
npm ERR! Lifecycle script `build` failed with error: 
npm ERR! Error: command failed 
npm ERR!   in workspace: backend@1.0.0 
npm ERR!   at location: C:\Users\Hikmat.dev\Desktop\FYP\fyp-turborepo\apps\docs 
npm ERR! Lifecycle script `build` failed with error: 
npm ERR! Error: command failed 
npm ERR!   in workspace: backend@1.0.0 
npm ERR!   at location: C:\Users\Hikmat.dev\Desktop\FYP\fyp-turborepo\apps\docs 
npm ERR! Lifecycle script `build` failed with error: 
npm ERR! Error: command failed 
npm ERR!   in workspace: backend@1.0.0 
npm ERR!   at location: C:\Users\Hikmat.dev\Desktop\FYP\fyp-turborepo\apps\docs 
npm ERR! Lifecycle script `build` failed with error: 
npm ERR! Error: command failed 
npm ERR!   in workspace: backend@1.0.0 
npm ERR!   at location: C:\Users\Hikmat.dev\Desktop\FYP\fyp-turborepo\apps\docs 
npm ERR! Lifecycle script `build` failed with error: 
npm ERR! Error: command failed 
npm ERR!   in workspace: backend@1.0.0 
npm ERR!   at location: C:\Users\Hikmat.dev\Desktop\FYP\fyp-turborepo\apps\docs 
npm ERR! Lifecycle script `build` failed with error: 
npm ERR! Error: command failed 
npm ERR!   in workspace: backend@1.0.0 
npm ERR!   at location: C:\Users\Hikmat.dev\Desktop\FYP\fyp-turborepo\apps\docs 
